<?xml version="1.0" encoding="UTF-8"?>
<testsuite name="GebishOrgTest" tests="1" skipped="0" failures="0" errors="0" timestamp="2015-10-22T17:22:29" hostname="Admin-desktop" time="4.909">
  <properties/>
  <testcase name="canGetToTheCurrentBookOfGeb" classname="GebishOrgTest" time="4.909"/>
  <system-out><![CDATA[]]></system-out>
  <system-err><![CDATA[]]></system-err>
</testsuite>
