<?xml version="1.0" encoding="UTF-8"?>
<testsuite name="GebishOrgSpec" tests="1" skipped="0" failures="0" errors="0" timestamp="2015-10-22T17:22:18" hostname="Admin-desktop" time="10.68">
  <properties/>
  <testcase name="can get to the current Book of Geb" classname="GebishOrgSpec" time="10.68"/>
  <system-out><![CDATA[]]></system-out>
  <system-err><![CDATA[]]></system-err>
</testsuite>
